Terminais sem uso na gramática

   TAPAR
   TFPAR


Gramática

    0 $accept: Linha $end

    1 Linha: Expr TFIM

    2 Expr: Expr Expr TADD
    3     | Expr Expr TSUB
    4     | Expr Expr TMUL
    5     | Expr Expr TDIV
    6     | TNUM


Terminais, com as regras onde eles aparecem

$end (0) 0
error (256)
TADD (258) 2
TMUL (259) 4
TSUB (260) 3
TDIV (261) 5
TAPAR (262)
TFPAR (263)
TNUM (264) 6
TFIM (265) 1


Não terminais com as regras onde eles aparecem

$accept (11)
    à esquerda: 0
Linha (12)
    à esquerda: 1, à direita: 0
Expr (13)
    à esquerda: 2 3 4 5 6, à direita: 1 2 3 4 5


Estado 0

    0 $accept: . Linha $end

    TNUM  deslocar, e ir ao estado 1

    Linha  ir ao estado 2
    Expr   ir ao estado 3


Estado 1

    6 Expr: TNUM .

    $padrão  reduzir usando a regra 6 (Expr)


Estado 2

    0 $accept: Linha . $end

    $end  deslocar, e ir ao estado 4


Estado 3

    1 Linha: Expr . TFIM
    2 Expr: Expr . Expr TADD
    3     | Expr . Expr TSUB
    4     | Expr . Expr TMUL
    5     | Expr . Expr TDIV

    TNUM  deslocar, e ir ao estado 1
    TFIM  deslocar, e ir ao estado 5

    Expr  ir ao estado 6


Estado 4

    0 $accept: Linha $end .

    $padrão  aceitar


Estado 5

    1 Linha: Expr TFIM .

    $padrão  reduzir usando a regra 1 (Linha)


Estado 6

    2 Expr: Expr . Expr TADD
    2     | Expr Expr . TADD
    3     | Expr . Expr TSUB
    3     | Expr Expr . TSUB
    4     | Expr . Expr TMUL
    4     | Expr Expr . TMUL
    5     | Expr . Expr TDIV
    5     | Expr Expr . TDIV

    TADD  deslocar, e ir ao estado 7
    TMUL  deslocar, e ir ao estado 8
    TSUB  deslocar, e ir ao estado 9
    TDIV  deslocar, e ir ao estado 10
    TNUM  deslocar, e ir ao estado 1

    Expr  ir ao estado 6


Estado 7

    2 Expr: Expr Expr TADD .

    $padrão  reduzir usando a regra 2 (Expr)


Estado 8

    4 Expr: Expr Expr TMUL .

    $padrão  reduzir usando a regra 4 (Expr)


Estado 9

    3 Expr: Expr Expr TSUB .

    $padrão  reduzir usando a regra 3 (Expr)


Estado 10

    5 Expr: Expr Expr TDIV .

    $padrão  reduzir usando a regra 5 (Expr)
